<?xml version="1.0" encoding="UTF-8" ?>
<testsuites disabled="0" errors="0" failures="0" tests="3" time="8.229">
 <testsuite name="Cenarios de busca por CEP" timestamp="2019-04-19T19:41:43" hostname="localhost" time="0" errors="0" tests="0" skipped="0" disabled="0" failures="0">
 </testsuite>
 <testsuite name="Cenarios de busca por Localidade | Logradouro" timestamp="2019-04-19T19:41:43" hostname="localhost" time="8.229" errors="0" tests="3" skipped="0" disabled="0" failures="0">
  <testcase classname="Cenarios de busca por Localidade | Logradouro" name="Deve informar UF" time="3.635" />
  <testcase classname="Cenarios de busca por Localidade | Logradouro" name="Deve informar cidade, municipio, distrito ou povoado" time="3.479" />
  <testcase classname="Cenarios de busca por Localidade | Logradouro" name="Deve informar o logradouro" time="1.114" />
 </testsuite>
</testsuites>