<?xml version="1.0" encoding="UTF-8" ?>
<testsuites disabled="0" errors="0" failures="0" tests="8" time="23.509">
 <testsuite name="Cenarios de busca por CEP" timestamp="2019-04-19T22:19:26" hostname="localhost" time="10.345" errors="0" tests="5" skipped="0" disabled="0" failures="0">
  <testcase classname="Cenarios de busca por CEP" name="Deve informar o endereco" time="4.45" />
  <testcase classname="Cenarios de busca por CEP" name="Endereco invalido" time="2.064" />
  <testcase classname="Cenarios de busca por CEP" name="Endereco valido com opcao todos" time="1.414" />
  <testcase classname="Cenarios de busca por CEP" name="Endereco valido e opção &quot;Unidade Operacional" time="1.152" />
  <testcase classname="Cenarios de busca por CEP" name="Endereço por CEP valido" time="1.264" />
 </testsuite>
 <testsuite name="Cenarios de busca por Localidade | Logradouro" timestamp="2019-04-19T22:19:37" hostname="localhost" time="13.164" errors="0" tests="3" skipped="0" disabled="0" failures="0">
  <testcase classname="Cenarios de busca por Localidade | Logradouro" name="Deve informar UF" time="3.774" />
  <testcase classname="Cenarios de busca por Localidade | Logradouro" name="Deve informar cidade, municipio, distrito ou povoado" time="4.735" />
  <testcase classname="Cenarios de busca por Localidade | Logradouro" name="Deve informar o logradouro" time="4.655" />
 </testsuite>
</testsuites>